2025-09-22 02:35:06 +07:00: 
2025-09-22 02:35:06 +07:00: > my-leaflet-map@0.0.0 start
2025-09-22 02:35:06 +07:00: > ng serve --ssl --ssl-key "C:\Users\user\key.pem" --ssl-cert "C:\Users\user\cert.pem" --host 0.0.0.0 --port 4200
2025-09-22 02:35:06 +07:00: 
2025-09-22 02:35:08 +07:00: [1m[33m
2025-09-22 02:35:08 +07:00: Warning: This is a simple server for use in testing or debugging Angular applications
2025-09-22 02:35:08 +07:00: locally. It hasn't been reviewed for security issues.
2025-09-22 02:35:08 +07:00: 
2025-09-22 02:35:08 +07:00: Binding this server to an open connection can result in compromising your application or
2025-09-22 02:35:08 +07:00: computer. Using a different host than the one passed to the "--host" flag might result in
2025-09-22 02:35:08 +07:00: websocket connection issues.
2025-09-22 02:35:08 +07:00:     [39m[22m
2025-09-22 02:35:08 +07:00: [33m❯[39m Building...
2025-09-22 02:35:19 +07:00: [32m✔[39m Building...
2025-09-22 02:35:19 +07:00: [35mBrowser bundles[39m      
2025-09-22 02:35:19 +07:00: [1mInitial chunk files[22m  [2m | [22m[1mNames[22m           [2m | [22m [1mRaw size[22m
2025-09-22 02:35:19 +07:00: [32mstyles.css[39m           [2m | [22m[2mstyles[22m          [2m | [22m[36m125.29 kB[39m[2m | [22m
2025-09-22 02:35:19 +07:00: [32mmain.js[39m              [2m | [22m[2mmain[22m            [2m | [22m  [36m3.32 kB[39m[2m | [22m
2025-09-22 02:35:19 +07:00: [32mchunk-CZJLB7T5.js[39m    [2m | [22m[2m-[22m               [2m | [22m  [36m1.08 kB[39m[2m | [22m
2025-09-22 02:35:19 +07:00: 
2025-09-22 02:35:19 +07:00: [1m [22m                    [2m | [22m[1mInitial total[22m   [2m | [22m[1m129.69 kB[22m
2025-09-22 02:35:19 +07:00: 
2025-09-22 02:35:19 +07:00: [1mLazy chunk files[22m     [2m | [22m[1mNames[22m           [2m | [22m [1mRaw size[22m
2025-09-22 02:35:19 +07:00: [32mmap-T32UQYFZ.js[39m      [2m | [22m[2mmap[22m             [2m | [22m[36m280.73 kB[39m[2m | [22m
2025-09-22 02:35:19 +07:00: [32mpoi-area-JSVYSGAC.js[39m [2m | [22m[2mpoi-area[22m        [2m | [22m[36m164.88 kB[39m[2m | [22m
2025-09-22 02:35:19 +07:00: [32mchunk-ZXOWN7EP.js[39m    [2m | [22m[2m-[22m               [2m | [22m  [36m4.99 kB[39m[2m | [22m
2025-09-22 02:35:19 +07:00: 
2025-09-22 02:35:19 +07:00: 
2025-09-22 02:35:19 +07:00: [35mServer bundles[39m       
2025-09-22 02:35:19 +07:00: [1mInitial chunk files[22m  [2m | [22m[1mNames[22m           [2m | [22m [1mRaw size[22m
2025-09-22 02:35:19 +07:00: [32mmain.server.mjs[39m      [2m | [22m[2mmain.server[22m     [2m | [22m  [36m4.57 kB[39m[2m | [22m
2025-09-22 02:35:19 +07:00: [32mserver.mjs[39m           [2m | [22m[2mserver[22m          [2m | [22m  [36m1.79 kB[39m[2m | [22m
2025-09-22 02:35:19 +07:00: [32mchunk-XZXRA2IB.mjs[39m   [2m | [22m[2m-[22m               [2m | [22m  [36m1.11 kB[39m[2m | [22m
2025-09-22 02:35:19 +07:00: [32mpolyfills.server.mjs[39m [2m | [22m[2mpolyfills.server[22m[2m | [22m[36m243 bytes[39m[2m | [22m
2025-09-22 02:35:19 +07:00: 
2025-09-22 02:35:19 +07:00: [1mLazy chunk files[22m     [2m | [22m[1mNames[22m           [2m | [22m [1mRaw size[22m
2025-09-22 02:35:19 +07:00: [32mmap-TMNJFBA7.mjs[39m     [2m | [22m[2mmap[22m             [2m | [22m[36m280.77 kB[39m[2m | [22m
2025-09-22 02:35:19 +07:00: [32mpoi-area-BNMRAFK3.mjs[39m[2m | [22m[2mpoi-area[22m        [2m | [22m[36m164.92 kB[39m[2m | [22m
2025-09-22 02:35:19 +07:00: [32mchunk-L3U75BCQ.mjs[39m   [2m | [22m[2m-[22m               [2m | [22m  [36m5.02 kB[39m[2m | [22m
2025-09-22 02:35:19 +07:00: 
2025-09-22 02:35:19 +07:00: Application bundle generation complete. [10.501 seconds]
2025-09-22 02:35:19 +07:00: 
2025-09-22 02:35:19 +07:00: [1m[33m[33m▲ [43;33m[[43;30mWARNING[43;33m][0m [1mNG8113: VesselLoadingComponent is not used within the template of MapComponent[0m [1m[35m[plugin angular-compiler][0m
2025-09-22 02:35:19 +07:00: 
2025-09-22 02:35:19 +07:00:     src/app/map/map.ts:69:4:
2025-09-22 02:35:19 +07:00: [37m      69 │     [32mVesselLoadingComponent[37m,
2025-09-22 02:35:19 +07:00:          ╵     [32m~~~~~~~~~~~~~~~~~~~~~~[0m
2025-09-22 02:35:19 +07:00: 
2025-09-22 02:35:19 +07:00: [39m[22m
2025-09-22 02:35:19 +07:00: Watch mode enabled. Watching for file changes...
2025-09-22 02:35:19 +07:00: NOTE: Raw file sizes do not reflect development server per-request transformations.
2025-09-22 02:35:19 +07:00:   [32m➜[39m  [1mLocal[22m:   [36mhttps://localhost:[1m4200[22m/[39m
2025-09-22 02:35:19 +07:00:   [32m➜[39m  [1mNetwork[22m: [36mhttps://192.168.1.2:[1m4200[22m/[39m
2025-09-22 02:35:34 +07:00: [1m[31mERROR ReferenceError: window is not defined
2025-09-22 02:35:34 +07:00:     at createDevelopmentUrls (D:/Project/aisNestJS/my-leaflet-Telkomsat/.angular/vite-root/my-leaflet-map/chunk-L3U75BCQ.mjs:12:25)
2025-09-22 02:35:34 +07:00:     at eval (D:\Project\aisNestJS\my-leaflet-Telkomsat\.angular\vite-root\my-leaflet-map\src\environments\environment.development.ts:23:14)
2025-09-22 02:35:34 +07:00:     at async ESModulesEvaluator.runInlinedModule (file:///D:/Project/aisNestJS/my-leaflet-Telkomsat/node_modules/vite/dist/node/module-runner.js:910:3)
2025-09-22 02:35:34 +07:00:     at async SSRCompatModuleRunner.directRequest (file:///D:/Project/aisNestJS/my-leaflet-Telkomsat/node_modules/vite/dist/node/module-runner.js:1119:59)
2025-09-22 02:35:34 +07:00:     at async SSRCompatModuleRunner.directRequest (file:///D:/Project/aisNestJS/my-leaflet-Telkomsat/node_modules/vite/dist/node/chunks/dep-CMEinpL-.js:18901:22)
2025-09-22 02:35:34 +07:00:     at async SSRCompatModuleRunner.cachedRequest (file:///D:/Project/aisNestJS/my-leaflet-Telkomsat/node_modules/vite/dist/node/module-runner.js:1037:73)
2025-09-22 02:35:34 +07:00:     at async eval (D:/Project/aisNestJS/my-leaflet-Telkomsat/.angular/vite-root/my-leaflet-map/map-TMNJFBA7.mjs:5:31)
2025-09-22 02:35:34 +07:00:     at async ESModulesEvaluator.runInlinedModule (file:///D:/Project/aisNestJS/my-leaflet-Telkomsat/node_modules/vite/dist/node/module-runner.js:910:3)
2025-09-22 02:35:34 +07:00:     at async SSRCompatModuleRunner.directRequest (file:///D:/Project/aisNestJS/my-leaflet-Telkomsat/node_modules/vite/dist/node/module-runner.js:1119:59)
2025-09-22 02:35:34 +07:00:     at async SSRCompatModuleRunner.directRequest (file:///D:/Project/aisNestJS/my-leaflet-Telkomsat/node_modules/vite/dist/node/chunks/dep-CMEinpL-.js:18901:22)[39m[22m
2025-09-22 02:35:57 +07:00: [1m[31mERROR ReferenceError: window is not defined
2025-09-22 02:35:57 +07:00:     at createDevelopmentUrls (D:/Project/aisNestJS/my-leaflet-Telkomsat/.angular/vite-root/my-leaflet-map/chunk-L3U75BCQ.mjs:12:25)
2025-09-22 02:35:57 +07:00:     at eval (D:\Project\aisNestJS\my-leaflet-Telkomsat\.angular\vite-root\my-leaflet-map\src\environments\environment.development.ts:23:14)
2025-09-22 02:35:57 +07:00:     at async ESModulesEvaluator.runInlinedModule (file:///D:/Project/aisNestJS/my-leaflet-Telkomsat/node_modules/vite/dist/node/module-runner.js:910:3)
2025-09-22 02:35:57 +07:00:     at async SSRCompatModuleRunner.directRequest (file:///D:/Project/aisNestJS/my-leaflet-Telkomsat/node_modules/vite/dist/node/module-runner.js:1119:59)
2025-09-22 02:35:57 +07:00:     at async SSRCompatModuleRunner.directRequest (file:///D:/Project/aisNestJS/my-leaflet-Telkomsat/node_modules/vite/dist/node/chunks/dep-CMEinpL-.js:18901:22)
2025-09-22 02:35:57 +07:00:     at async SSRCompatModuleRunner.cachedRequest (file:///D:/Project/aisNestJS/my-leaflet-Telkomsat/node_modules/vite/dist/node/module-runner.js:1037:73)
2025-09-22 02:35:57 +07:00:     at async eval (D:/Project/aisNestJS/my-leaflet-Telkomsat/.angular/vite-root/my-leaflet-map/map-TMNJFBA7.mjs:5:31)
2025-09-22 02:35:57 +07:00:     at async ESModulesEvaluator.runInlinedModule (file:///D:/Project/aisNestJS/my-leaflet-Telkomsat/node_modules/vite/dist/node/module-runner.js:910:3)
2025-09-22 02:35:57 +07:00:     at async SSRCompatModuleRunner.directRequest (file:///D:/Project/aisNestJS/my-leaflet-Telkomsat/node_modules/vite/dist/node/module-runner.js:1119:59)
2025-09-22 02:35:57 +07:00:     at async SSRCompatModuleRunner.directRequest (file:///D:/Project/aisNestJS/my-leaflet-Telkomsat/node_modules/vite/dist/node/chunks/dep-CMEinpL-.js:18901:22)[39m[22m
2025-09-22 02:37:43 +07:00: 
2025-09-22 02:37:43 +07:00: > my-leaflet-map@0.0.0 start
2025-09-22 02:37:43 +07:00: > ng serve --ssl --ssl-key "C:\Users\user\key.pem" --ssl-cert "C:\Users\user\cert.pem" --host 0.0.0.0 --port 4200
2025-09-22 02:37:43 +07:00: 
2025-09-22 02:37:46 +07:00: [1m[33m
2025-09-22 02:37:46 +07:00: Warning: This is a simple server for use in testing or debugging Angular applications
2025-09-22 02:37:46 +07:00: locally. It hasn't been reviewed for security issues.
2025-09-22 02:37:46 +07:00: 
2025-09-22 02:37:46 +07:00: Binding this server to an open connection can result in compromising your application or
2025-09-22 02:37:46 +07:00: computer. Using a different host than the one passed to the "--host" flag might result in
2025-09-22 02:37:46 +07:00: websocket connection issues.
2025-09-22 02:37:46 +07:00:     [39m[22m
2025-09-22 02:37:46 +07:00: [33m❯[39m Building...
2025-09-22 02:37:54 +07:00: [32m✔[39m Building...
2025-09-22 02:37:54 +07:00: [35mBrowser bundles[39m      
2025-09-22 02:37:54 +07:00: [1mInitial chunk files[22m  [2m | [22m[1mNames[22m           [2m | [22m [1mRaw size[22m
2025-09-22 02:37:54 +07:00: [32mstyles.css[39m           [2m | [22m[2mstyles[22m          [2m | [22m[36m125.29 kB[39m[2m | [22m
2025-09-22 02:37:54 +07:00: [32mmain.js[39m              [2m | [22m[2mmain[22m            [2m | [22m  [36m3.32 kB[39m[2m | [22m
2025-09-22 02:37:54 +07:00: [32mchunk-CZJLB7T5.js[39m    [2m | [22m[2m-[22m               [2m | [22m  [36m1.08 kB[39m[2m | [22m
2025-09-22 02:37:54 +07:00: 
2025-09-22 02:37:54 +07:00: [1m [22m                    [2m | [22m[1mInitial total[22m   [2m | [22m[1m129.69 kB[22m
2025-09-22 02:37:54 +07:00: 
2025-09-22 02:37:54 +07:00: [1mLazy chunk files[22m     [2m | [22m[1mNames[22m           [2m | [22m [1mRaw size[22m
2025-09-22 02:37:54 +07:00: [32mmap-T32UQYFZ.js[39m      [2m | [22m[2mmap[22m             [2m | [22m[36m280.73 kB[39m[2m | [22m
2025-09-22 02:37:54 +07:00: [32mpoi-area-JSVYSGAC.js[39m [2m | [22m[2mpoi-area[22m        [2m | [22m[36m164.88 kB[39m[2m | [22m
2025-09-22 02:37:54 +07:00: [32mchunk-ZXOWN7EP.js[39m    [2m | [22m[2m-[22m               [2m | [22m  [36m4.99 kB[39m[2m | [22m
2025-09-22 02:37:54 +07:00: 
2025-09-22 02:37:54 +07:00: 
2025-09-22 02:37:54 +07:00: [35mServer bundles[39m       
2025-09-22 02:37:54 +07:00: [1mInitial chunk files[22m  [2m | [22m[1mNames[22m           [2m | [22m [1mRaw size[22m
2025-09-22 02:37:54 +07:00: [32mmain.server.mjs[39m      [2m | [22m[2mmain.server[22m     [2m | [22m  [36m4.57 kB[39m[2m | [22m
2025-09-22 02:37:54 +07:00: [32mserver.mjs[39m           [2m | [22m[2mserver[22m          [2m | [22m  [36m1.79 kB[39m[2m | [22m
2025-09-22 02:37:54 +07:00: [32mchunk-XZXRA2IB.mjs[39m   [2m | [22m[2m-[22m               [2m | [22m  [36m1.11 kB[39m[2m | [22m
2025-09-22 02:37:54 +07:00: [32mpolyfills.server.mjs[39m [2m | [22m[2mpolyfills.server[22m[2m | [22m[36m243 bytes[39m[2m | [22m
2025-09-22 02:37:54 +07:00: 
2025-09-22 02:37:54 +07:00: [1mLazy chunk files[22m     [2m | [22m[1mNames[22m           [2m | [22m [1mRaw size[22m
2025-09-22 02:37:54 +07:00: [32mmap-TMNJFBA7.mjs[39m     [2m | [22m[2mmap[22m             [2m | [22m[36m280.77 kB[39m[2m | [22m
2025-09-22 02:37:54 +07:00: [32mpoi-area-BNMRAFK3.mjs[39m[2m | [22m[2mpoi-area[22m        [2m | [22m[36m164.92 kB[39m[2m | [22m
2025-09-22 02:37:54 +07:00: [32mchunk-L3U75BCQ.mjs[39m   [2m | [22m[2m-[22m               [2m | [22m  [36m5.02 kB[39m[2m | [22m
2025-09-22 02:37:54 +07:00: 
2025-09-22 02:37:54 +07:00: Application bundle generation complete. [8.447 seconds]
2025-09-22 02:37:54 +07:00: 
2025-09-22 02:37:54 +07:00: [1m[33m[33m▲ [43;33m[[43;30mWARNING[43;33m][0m [1mNG8113: VesselLoadingComponent is not used within the template of MapComponent[0m [1m[35m[plugin angular-compiler][0m
2025-09-22 02:37:54 +07:00: 
2025-09-22 02:37:54 +07:00:     src/app/map/map.ts:69:4:
2025-09-22 02:37:54 +07:00: [37m      69 │     [32mVesselLoadingComponent[37m,
2025-09-22 02:37:54 +07:00:          ╵     [32m~~~~~~~~~~~~~~~~~~~~~~[0m
2025-09-22 02:37:54 +07:00: 
2025-09-22 02:37:54 +07:00: [39m[22m
2025-09-22 02:37:54 +07:00: Watch mode enabled. Watching for file changes...
2025-09-22 02:37:54 +07:00: NOTE: Raw file sizes do not reflect development server per-request transformations.
2025-09-22 02:37:55 +07:00:   [32m➜[39m  [1mLocal[22m:   [36mhttps://localhost:[1m4200[22m/[39m
2025-09-22 02:37:55 +07:00:   [32m➜[39m  [1mNetwork[22m: [36mhttps://192.168.1.2:[1m4200[22m/[39m
2025-09-22 02:37:59 +07:00: [1m[31mERROR ReferenceError: window is not defined
2025-09-22 02:37:59 +07:00:     at createDevelopmentUrls (D:/Project/aisNestJS/my-leaflet-Telkomsat/.angular/vite-root/my-leaflet-map/chunk-L3U75BCQ.mjs:12:25)
2025-09-22 02:37:59 +07:00:     at eval (D:\Project\aisNestJS\my-leaflet-Telkomsat\.angular\vite-root\my-leaflet-map\src\environments\environment.development.ts:23:14)
2025-09-22 02:37:59 +07:00:     at async ESModulesEvaluator.runInlinedModule (file:///D:/Project/aisNestJS/my-leaflet-Telkomsat/node_modules/vite/dist/node/module-runner.js:910:3)
2025-09-22 02:37:59 +07:00:     at async SSRCompatModuleRunner.directRequest (file:///D:/Project/aisNestJS/my-leaflet-Telkomsat/node_modules/vite/dist/node/module-runner.js:1119:59)
2025-09-22 02:37:59 +07:00:     at async SSRCompatModuleRunner.directRequest (file:///D:/Project/aisNestJS/my-leaflet-Telkomsat/node_modules/vite/dist/node/chunks/dep-CMEinpL-.js:18901:22)
2025-09-22 02:37:59 +07:00:     at async SSRCompatModuleRunner.cachedRequest (file:///D:/Project/aisNestJS/my-leaflet-Telkomsat/node_modules/vite/dist/node/module-runner.js:1037:73)
2025-09-22 02:37:59 +07:00:     at async eval (D:/Project/aisNestJS/my-leaflet-Telkomsat/.angular/vite-root/my-leaflet-map/map-TMNJFBA7.mjs:5:31)
2025-09-22 02:37:59 +07:00:     at async ESModulesEvaluator.runInlinedModule (file:///D:/Project/aisNestJS/my-leaflet-Telkomsat/node_modules/vite/dist/node/module-runner.js:910:3)
2025-09-22 02:37:59 +07:00:     at async SSRCompatModuleRunner.directRequest (file:///D:/Project/aisNestJS/my-leaflet-Telkomsat/node_modules/vite/dist/node/module-runner.js:1119:59)
2025-09-22 02:37:59 +07:00:     at async SSRCompatModuleRunner.directRequest (file:///D:/Project/aisNestJS/my-leaflet-Telkomsat/node_modules/vite/dist/node/chunks/dep-CMEinpL-.js:18901:22)[39m[22m
2025-09-22 02:38:13 +07:00: [1m[31mERROR ReferenceError: window is not defined
2025-09-22 02:38:13 +07:00:     at createDevelopmentUrls (D:/Project/aisNestJS/my-leaflet-Telkomsat/.angular/vite-root/my-leaflet-map/chunk-L3U75BCQ.mjs:12:25)
2025-09-22 02:38:13 +07:00:     at eval (D:\Project\aisNestJS\my-leaflet-Telkomsat\.angular\vite-root\my-leaflet-map\src\environments\environment.development.ts:23:14)
2025-09-22 02:38:13 +07:00:     at async ESModulesEvaluator.runInlinedModule (file:///D:/Project/aisNestJS/my-leaflet-Telkomsat/node_modules/vite/dist/node/module-runner.js:910:3)
2025-09-22 02:38:13 +07:00:     at async SSRCompatModuleRunner.directRequest (file:///D:/Project/aisNestJS/my-leaflet-Telkomsat/node_modules/vite/dist/node/module-runner.js:1119:59)
2025-09-22 02:38:13 +07:00:     at async SSRCompatModuleRunner.directRequest (file:///D:/Project/aisNestJS/my-leaflet-Telkomsat/node_modules/vite/dist/node/chunks/dep-CMEinpL-.js:18901:22)
2025-09-22 02:38:13 +07:00:     at async SSRCompatModuleRunner.cachedRequest (file:///D:/Project/aisNestJS/my-leaflet-Telkomsat/node_modules/vite/dist/node/module-runner.js:1037:73)
2025-09-22 02:38:13 +07:00:     at async eval (D:/Project/aisNestJS/my-leaflet-Telkomsat/.angular/vite-root/my-leaflet-map/map-TMNJFBA7.mjs:5:31)
2025-09-22 02:38:13 +07:00:     at async ESModulesEvaluator.runInlinedModule (file:///D:/Project/aisNestJS/my-leaflet-Telkomsat/node_modules/vite/dist/node/module-runner.js:910:3)
2025-09-22 02:38:13 +07:00:     at async SSRCompatModuleRunner.directRequest (file:///D:/Project/aisNestJS/my-leaflet-Telkomsat/node_modules/vite/dist/node/module-runner.js:1119:59)
2025-09-22 02:38:13 +07:00:     at async SSRCompatModuleRunner.directRequest (file:///D:/Project/aisNestJS/my-leaflet-Telkomsat/node_modules/vite/dist/node/chunks/dep-CMEinpL-.js:18901:22)[39m[22m
2025-09-22 02:39:14 +07:00: [33m❯[39m Changes detected. Rebuilding...
2025-09-22 02:39:15 +07:00: [32m✔[39m Changes detected. Rebuilding...
2025-09-22 02:39:15 +07:00: [35mBrowser bundles[39m      
2025-09-22 02:39:15 +07:00: [1mInitial chunk files[22m  [2m | [22m[1mNames[22m      [2m | [22m [1mRaw size[22m
2025-09-22 02:39:15 +07:00: [32mmain.js[39m              [2m | [22m[2mmain[22m       [2m | [22m  [36m3.32 kB[39m[2m | [22m
2025-09-22 02:39:15 +07:00: 
2025-09-22 02:39:15 +07:00: [1mLazy chunk files[22m     [2m | [22m[1mNames[22m      [2m | [22m [1mRaw size[22m
2025-09-22 02:39:15 +07:00: [32mmap-UHHADDYI.js[39m      [2m | [22m[2mmap[22m        [2m | [22m[36m280.73 kB[39m[2m | [22m
2025-09-22 02:39:15 +07:00: [32mpoi-area-O4AXHEJO.js[39m [2m | [22m[2mpoi-area[22m   [2m | [22m[36m164.88 kB[39m[2m | [22m
2025-09-22 02:39:15 +07:00: [32mchunk-RN2P23NI.js[39m    [2m | [22m[2m-[22m          [2m | [22m  [36m5.16 kB[39m[2m | [22m
2025-09-22 02:39:15 +07:00: 
2025-09-22 02:39:15 +07:00: 
2025-09-22 02:39:15 +07:00: [35mServer bundles[39m       
2025-09-22 02:39:15 +07:00: [1mInitial chunk files[22m  [2m | [22m[1mNames[22m      [2m | [22m [1mRaw size[22m
2025-09-22 02:39:15 +07:00: [32mmain.server.mjs[39m      [2m | [22m[2mmain.server[22m[2m | [22m  [36m4.57 kB[39m[2m | [22m
2025-09-22 02:39:15 +07:00: 
2025-09-22 02:39:15 +07:00: [1mLazy chunk files[22m     [2m | [22m[1mNames[22m      [2m | [22m [1mRaw size[22m
2025-09-22 02:39:15 +07:00: [32mmap-KZBKXPIZ.mjs[39m     [2m | [22m[2mmap[22m        [2m | [22m[36m280.77 kB[39m[2m | [22m
2025-09-22 02:39:15 +07:00: [32mpoi-area-3SL47TVJ.mjs[39m[2m | [22m[2mpoi-area[22m   [2m | [22m[36m164.92 kB[39m[2m | [22m
2025-09-22 02:39:15 +07:00: [32mchunk-DGWAWJ4G.mjs[39m   [2m | [22m[2m-[22m          [2m | [22m  [36m5.20 kB[39m[2m | [22m
2025-09-22 02:39:15 +07:00: 
2025-09-22 02:39:15 +07:00: Application bundle generation complete. [1.393 seconds]
2025-09-22 02:39:15 +07:00: 
2025-09-22 02:39:15 +07:00: [1m[33m[33m▲ [43;33m[[43;30mWARNING[43;33m][0m [1mNG8113: VesselLoadingComponent is not used within the template of MapComponent[0m [1m[35m[plugin angular-compiler][0m
2025-09-22 02:39:15 +07:00: 
2025-09-22 02:39:15 +07:00:     src/app/map/map.ts:69:4:
2025-09-22 02:39:15 +07:00: [37m      69 │     [32mVesselLoadingComponent[37m,
2025-09-22 02:39:15 +07:00:          ╵     [32m~~~~~~~~~~~~~~~~~~~~~~[0m
2025-09-22 02:39:15 +07:00: 
2025-09-22 02:39:15 +07:00: [39m[22m
2025-09-22 02:39:15 +07:00: Page reload sent to client(s).
2025-09-22 02:39:16 +07:00: [33m❯[39m Changes detected. Rebuilding...
2025-09-22 02:39:17 +07:00: [32m✔[39m Changes detected. Rebuilding...
2025-09-22 02:39:17 +07:00: [35mBrowser bundles[39m      
2025-09-22 02:39:17 +07:00: [1mInitial chunk files[22m  [2m | [22m[1mNames[22m      [2m | [22m [1mRaw size[22m
2025-09-22 02:39:17 +07:00: [32mmain.js[39m              [2m | [22m[2mmain[22m       [2m | [22m  [36m3.32 kB[39m[2m | [22m
2025-09-22 02:39:17 +07:00: 
2025-09-22 02:39:17 +07:00: [1mLazy chunk files[22m     [2m | [22m[1mNames[22m      [2m | [22m [1mRaw size[22m
2025-09-22 02:39:17 +07:00: [32mmap-JZNYO2R7.js[39m      [2m | [22m[2mmap[22m        [2m | [22m[36m280.73 kB[39m[2m | [22m
2025-09-22 02:39:17 +07:00: [32mpoi-area-2MHOCGKM.js[39m [2m | [22m[2mpoi-area[22m   [2m | [22m[36m164.88 kB[39m[2m | [22m
2025-09-22 02:39:17 +07:00: [32mchunk-PJHLNGY5.js[39m    [2m | [22m[2m-[22m          [2m | [22m  [36m5.12 kB[39m[2m | [22m
2025-09-22 02:39:17 +07:00: 
2025-09-22 02:39:17 +07:00: 
2025-09-22 02:39:17 +07:00: [35mServer bundles[39m       
2025-09-22 02:39:17 +07:00: [1mInitial chunk files[22m  [2m | [22m[1mNames[22m      [2m | [22m [1mRaw size[22m
2025-09-22 02:39:17 +07:00: [32mmain.server.mjs[39m      [2m | [22m[2mmain.server[22m[2m | [22m  [36m4.57 kB[39m[2m | [22m
2025-09-22 02:39:17 +07:00: 
2025-09-22 02:39:17 +07:00: [1mLazy chunk files[22m     [2m | [22m[1mNames[22m      [2m | [22m [1mRaw size[22m
2025-09-22 02:39:17 +07:00: [32mmap-L6F7KMTF.mjs[39m     [2m | [22m[2mmap[22m        [2m | [22m[36m280.77 kB[39m[2m | [22m
2025-09-22 02:39:17 +07:00: [32mpoi-area-3FDMTSP2.mjs[39m[2m | [22m[2mpoi-area[22m   [2m | [22m[36m164.92 kB[39m[2m | [22m
2025-09-22 02:39:17 +07:00: [32mchunk-YUPLINCL.mjs[39m   [2m | [22m[2m-[22m          [2m | [22m  [36m5.15 kB[39m[2m | [22m
2025-09-22 02:39:17 +07:00: 
2025-09-22 02:39:17 +07:00: Application bundle generation complete. [0.394 seconds]
2025-09-22 02:39:17 +07:00: 
2025-09-22 02:39:17 +07:00: [1m[33m[33m▲ [43;33m[[43;30mWARNING[43;33m][0m [1mNG8113: VesselLoadingComponent is not used within the template of MapComponent[0m [1m[35m[plugin angular-compiler][0m
2025-09-22 02:39:17 +07:00: 
2025-09-22 02:39:17 +07:00:     src/app/map/map.ts:69:4:
2025-09-22 02:39:17 +07:00: [37m      69 │     [32mVesselLoadingComponent[37m,
2025-09-22 02:39:17 +07:00:          ╵     [32m~~~~~~~~~~~~~~~~~~~~~~[0m
2025-09-22 02:39:17 +07:00: 
2025-09-22 02:39:17 +07:00: [39m[22m
2025-09-22 02:39:17 +07:00: Page reload sent to client(s).
2025-09-22 02:39:17 +07:00: [33m❯[39m Changes detected. Rebuilding...
2025-09-22 02:39:18 +07:00: [32m✔[39m Changes detected. Rebuilding...
2025-09-22 02:39:18 +07:00: [35mBrowser bundles[39m      
2025-09-22 02:39:18 +07:00: [1mInitial chunk files[22m  [2m | [22m[1mNames[22m      [2m | [22m [1mRaw size[22m
2025-09-22 02:39:18 +07:00: [32mmain.js[39m              [2m | [22m[2mmain[22m       [2m | [22m  [36m3.32 kB[39m[2m | [22m
2025-09-22 02:39:18 +07:00: 
2025-09-22 02:39:18 +07:00: [1mLazy chunk files[22m     [2m | [22m[1mNames[22m      [2m | [22m [1mRaw size[22m
2025-09-22 02:39:18 +07:00: [32mmap-UX6M33HN.js[39m      [2m | [22m[2mmap[22m        [2m | [22m[36m280.73 kB[39m[2m | [22m
2025-09-22 02:39:18 +07:00: [32mpoi-area-FBCZGHDR.js[39m [2m | [22m[2mpoi-area[22m   [2m | [22m[36m164.88 kB[39m[2m | [22m
2025-09-22 02:39:18 +07:00: [32mchunk-D6BHOOXW.js[39m    [2m | [22m[2m-[22m          [2m | [22m  [36m4.79 kB[39m[2m | [22m
2025-09-22 02:39:18 +07:00: 
2025-09-22 02:39:18 +07:00: 
2025-09-22 02:39:18 +07:00: [35mServer bundles[39m       
2025-09-22 02:39:18 +07:00: [1mInitial chunk files[22m  [2m | [22m[1mNames[22m      [2m | [22m [1mRaw size[22m
2025-09-22 02:39:18 +07:00: [32mmain.server.mjs[39m      [2m | [22m[2mmain.server[22m[2m | [22m  [36m4.57 kB[39m[2m | [22m
2025-09-22 02:39:18 +07:00: 
2025-09-22 02:39:18 +07:00: [1mLazy chunk files[22m     [2m | [22m[1mNames[22m      [2m | [22m [1mRaw size[22m
2025-09-22 02:39:18 +07:00: [32mmap-KRGG2YKN.mjs[39m     [2m | [22m[2mmap[22m        [2m | [22m[36m280.77 kB[39m[2m | [22m
2025-09-22 02:39:18 +07:00: [32mpoi-area-34ZSNEEV.mjs[39m[2m | [22m[2mpoi-area[22m   [2m | [22m[36m164.92 kB[39m[2m | [22m
2025-09-22 02:39:18 +07:00: [32mchunk-U7BSXZND.mjs[39m   [2m | [22m[2m-[22m          [2m | [22m  [36m4.83 kB[39m[2m | [22m
2025-09-22 02:39:18 +07:00: 
2025-09-22 02:39:18 +07:00: Application bundle generation complete. [0.371 seconds]
2025-09-22 02:39:18 +07:00: 
2025-09-22 02:39:18 +07:00: [1m[33m[33m▲ [43;33m[[43;30mWARNING[43;33m][0m [1mNG8113: VesselLoadingComponent is not used within the template of MapComponent[0m [1m[35m[plugin angular-compiler][0m
2025-09-22 02:39:18 +07:00: 
2025-09-22 02:39:18 +07:00:     src/app/map/map.ts:69:4:
2025-09-22 02:39:18 +07:00: [37m      69 │     [32mVesselLoadingComponent[37m,
2025-09-22 02:39:18 +07:00:          ╵     [32m~~~~~~~~~~~~~~~~~~~~~~[0m
2025-09-22 02:39:18 +07:00: 
2025-09-22 02:39:18 +07:00: [39m[22m
2025-09-22 02:39:18 +07:00: Page reload sent to client(s).
2025-09-22 02:39:28 +07:00: 
2025-09-22 02:39:28 +07:00: > my-leaflet-map@0.0.0 start
2025-09-22 02:39:28 +07:00: > ng serve --ssl --ssl-key "C:\Users\user\key.pem" --ssl-cert "C:\Users\user\cert.pem" --host 0.0.0.0 --port 4200
2025-09-22 02:39:28 +07:00: 
2025-09-22 02:39:30 +07:00: [1m[33m
2025-09-22 02:39:30 +07:00: Warning: This is a simple server for use in testing or debugging Angular applications
2025-09-22 02:39:30 +07:00: locally. It hasn't been reviewed for security issues.
2025-09-22 02:39:30 +07:00: 
2025-09-22 02:39:30 +07:00: Binding this server to an open connection can result in compromising your application or
2025-09-22 02:39:30 +07:00: computer. Using a different host than the one passed to the "--host" flag might result in
2025-09-22 02:39:30 +07:00: websocket connection issues.
2025-09-22 02:39:30 +07:00:     [39m[22m
2025-09-22 02:39:30 +07:00: [33m❯[39m Building...
2025-09-22 02:39:40 +07:00: [32m✔[39m Building...
2025-09-22 02:39:40 +07:00: [35mBrowser bundles[39m      
2025-09-22 02:39:40 +07:00: [1mInitial chunk files[22m  [2m | [22m[1mNames[22m           [2m | [22m [1mRaw size[22m
2025-09-22 02:39:40 +07:00: [32mstyles.css[39m           [2m | [22m[2mstyles[22m          [2m | [22m[36m125.29 kB[39m[2m | [22m
2025-09-22 02:39:40 +07:00: [32mmain.js[39m              [2m | [22m[2mmain[22m            [2m | [22m  [36m3.32 kB[39m[2m | [22m
2025-09-22 02:39:40 +07:00: [32mchunk-CZJLB7T5.js[39m    [2m | [22m[2m-[22m               [2m | [22m  [36m1.08 kB[39m[2m | [22m
2025-09-22 02:39:40 +07:00: 
2025-09-22 02:39:40 +07:00: [1m [22m                    [2m | [22m[1mInitial total[22m   [2m | [22m[1m129.69 kB[22m
2025-09-22 02:39:40 +07:00: 
2025-09-22 02:39:40 +07:00: [1mLazy chunk files[22m     [2m | [22m[1mNames[22m           [2m | [22m [1mRaw size[22m
2025-09-22 02:39:40 +07:00: [32mmap-UX6M33HN.js[39m      [2m | [22m[2mmap[22m             [2m | [22m[36m280.73 kB[39m[2m | [22m
2025-09-22 02:39:40 +07:00: [32mpoi-area-FBCZGHDR.js[39m [2m | [22m[2mpoi-area[22m        [2m | [22m[36m164.88 kB[39m[2m | [22m
2025-09-22 02:39:40 +07:00: [32mchunk-D6BHOOXW.js[39m    [2m | [22m[2m-[22m               [2m | [22m  [36m4.79 kB[39m[2m | [22m
2025-09-22 02:39:40 +07:00: 
2025-09-22 02:39:40 +07:00: 
2025-09-22 02:39:40 +07:00: [35mServer bundles[39m       
2025-09-22 02:39:40 +07:00: [1mInitial chunk files[22m  [2m | [22m[1mNames[22m           [2m | [22m [1mRaw size[22m
2025-09-22 02:39:40 +07:00: [32mmain.server.mjs[39m      [2m | [22m[2mmain.server[22m     [2m | [22m  [36m4.57 kB[39m[2m | [22m
2025-09-22 02:39:40 +07:00: [32mserver.mjs[39m           [2m | [22m[2mserver[22m          [2m | [22m  [36m1.79 kB[39m[2m | [22m
2025-09-22 02:39:40 +07:00: [32mchunk-XZXRA2IB.mjs[39m   [2m | [22m[2m-[22m               [2m | [22m  [36m1.11 kB[39m[2m | [22m
2025-09-22 02:39:40 +07:00: [32mpolyfills.server.mjs[39m [2m | [22m[2mpolyfills.server[22m[2m | [22m[36m243 bytes[39m[2m | [22m
2025-09-22 02:39:40 +07:00: 
2025-09-22 02:39:40 +07:00: [1mLazy chunk files[22m     [2m | [22m[1mNames[22m           [2m | [22m [1mRaw size[22m
2025-09-22 02:39:40 +07:00: [32mmap-KRGG2YKN.mjs[39m     [2m | [22m[2mmap[22m             [2m | [22m[36m280.77 kB[39m[2m | [22m
2025-09-22 02:39:40 +07:00: [32mpoi-area-34ZSNEEV.mjs[39m[2m | [22m[2mpoi-area[22m        [2m | [22m[36m164.92 kB[39m[2m | [22m
2025-09-22 02:39:40 +07:00: [32mchunk-U7BSXZND.mjs[39m   [2m | [22m[2m-[22m               [2m | [22m  [36m4.83 kB[39m[2m | [22m
2025-09-22 02:39:40 +07:00: 
2025-09-22 02:39:40 +07:00: Application bundle generation complete. [9.815 seconds]
2025-09-22 02:39:40 +07:00: 
2025-09-22 02:39:40 +07:00: [1m[33m[33m▲ [43;33m[[43;30mWARNING[43;33m][0m [1mNG8113: VesselLoadingComponent is not used within the template of MapComponent[0m [1m[35m[plugin angular-compiler][0m
2025-09-22 02:39:40 +07:00: 
2025-09-22 02:39:40 +07:00:     src/app/map/map.ts:69:4:
2025-09-22 02:39:40 +07:00: [37m      69 │     [32mVesselLoadingComponent[37m,
2025-09-22 02:39:40 +07:00:          ╵     [32m~~~~~~~~~~~~~~~~~~~~~~[0m
2025-09-22 02:39:40 +07:00: 
2025-09-22 02:39:40 +07:00: [39m[22m
2025-09-22 02:39:40 +07:00: Watch mode enabled. Watching for file changes...
2025-09-22 02:39:40 +07:00: NOTE: Raw file sizes do not reflect development server per-request transformations.
2025-09-22 02:39:41 +07:00:   [32m➜[39m  [1mLocal[22m:   [36mhttps://localhost:[1m4200[22m/[39m
2025-09-22 02:39:41 +07:00:   [32m➜[39m  [1mNetwork[22m: [36mhttps://192.168.1.2:[1m4200[22m/[39m
2025-09-22 02:39:54 +07:00: 🛠️ Development URLs created: {
2025-09-22 02:39:54 +07:00:   apiUrl: 'https://localhost:3770',
2025-09-22 02:39:54 +07:00:   websocketUrl: 'https://localhost:3770'
2025-09-22 02:39:54 +07:00: }
2025-09-22 02:39:54 +07:00: 🛠️ Development Environment Loaded: {
2025-09-22 02:39:54 +07:00:   mode: 'development',
2025-09-22 02:39:54 +07:00:   apiUrl: 'https://localhost:3770',
2025-09-22 02:39:54 +07:00:   websocketUrl: 'https://localhost:3770',
2025-09-22 02:39:54 +07:00:   buildTime: '2025-09-21T19:39:54.950Z',
2025-09-22 02:39:54 +07:00:   currentLocation: 'SSR',
2025-09-22 02:39:54 +07:00:   targetBackend: 'localhost:3770',
2025-09-22 02:39:54 +07:00:   endpoints: {
2025-09-22 02:39:54 +07:00:     vessels: 'https://localhost:3770/api/vessels',
2025-09-22 02:39:54 +07:00:     vts: 'https://localhost:3770/api/vts',
2025-09-22 02:39:54 +07:00:     aton: 'https://localhost:3770/api/aton',
2025-09-22 02:39:54 +07:00:     websocket: 'https://localhost:3770/socket.io/',
2025-09-22 02:39:54 +07:00:     health: 'https://localhost:3770/health'
2025-09-22 02:39:54 +07:00:   },
2025-09-22 02:39:54 +07:00:   debugMode: true,
2025-09-22 02:39:54 +07:00:   debugFlags: { websocket: true, api: true, console: true, performance: true }
2025-09-22 02:39:54 +07:00: }
2025-09-22 02:39:56 +07:00: [1m[33mNG02801: Angular detected that `HttpClient` is not configured to use `fetch` APIs. It's strongly recommended to enable `fetch` for applications that use Server-Side Rendering for better performance and compatibility. To enable `fetch`, add the `withFetch()` to the `provideHttpClient()` call at the root of the application.[39m[22m
2025-09-22 02:39:56 +07:00: 🛰️ VesselWebSocketService initialized
2025-09-22 02:39:56 +07:00: 📡 Backend API URL: https://localhost:3770/api
2025-09-22 02:39:56 +07:00: 🔌 WebSocket URL: https://localhost:3770/vessel-tracking
2025-09-22 02:39:56 +07:00: 🛰️ VesselService constructor - Memory optimized with data aging
2025-09-22 02:39:56 +07:00: 🧠 Memory monitoring system started with data aging
2025-09-22 02:39:56 +07:00: ✅ MapService data initialized with simple zoom control
2025-09-22 02:39:56 +07:00: 🚀 MapComponent constructor started with optimized architecture
2025-09-22 02:39:56 +07:00: 🚀 MapComponent ngOnInit started with memory optimization
2025-09-22 02:39:57 +07:00: 🗺️ Map initialized successfully
2025-09-22 02:39:57 +07:00: 📡 Setting up optimized subscriptions with single destroy subject
2025-09-22 02:39:57 +07:00: 🏛️ VTS data updated: 0 stations
2025-09-22 02:39:57 +07:00: ⚓ AtoN data updated: 0 stations
2025-09-22 02:39:57 +07:00: 📡 Starting WebSocket connection for real-time vessel data
2025-09-22 02:39:57 +07:00: 🔌 ===== WEBSOCKET CONNECTION ATTEMPT =====
2025-09-22 02:39:57 +07:00: 🔌 Current socket status: undefined
2025-09-22 02:39:57 +07:00: 🏥 Testing backend connection with multiple endpoints...
2025-09-22 02:39:57 +07:00: 🏥 Testing endpoint: https://localhost:3770/api/ais-data/current
2025-09-22 02:39:57 +07:00: [1m[31m❌ Error in ngOnInit: ReferenceError: window is not defined
2025-09-22 02:39:57 +07:00:     at _MapComponent.safeSetTimeout (D:\Project\aisNestJS\my-leaflet-Telkomsat\src\app\map\map.ts:173:23)
2025-09-22 02:39:57 +07:00:     at _MapComponent.initializeMapData (D:\Project\aisNestJS\my-leaflet-Telkomsat\src\app\map\map.ts:463:10)
2025-09-22 02:39:57 +07:00:     at _MapComponent.ngOnInit (D:\Project\aisNestJS\my-leaflet-Telkomsat\src\app\map\map.ts:199:12)
2025-09-22 02:39:57 +07:00:     at process.processTicksAndRejections (node:internal/process/task_queues:105:5)[39m[22m
2025-09-22 02:39:57 +07:00: [1m[33m⚠️ Endpoint /ais-data/current failed: fetch failed[39m[22m
2025-09-22 02:39:57 +07:00: 🏥 Testing endpoint: https://localhost:3770/api/ais-data/stats
2025-09-22 02:39:57 +07:00: 🧹 MapComponent cleanup started with memory optimization
2025-09-22 02:39:57 +07:00: ✅ All timeouts cleared
2025-09-22 02:39:57 +07:00: ✅ All intervals cleared
2025-09-22 02:39:57 +07:00: ✅ UI state subject completed
2025-09-22 02:39:57 +07:00: ✅ All subscriptions unsubscribed via destroy subject
2025-09-22 02:39:57 +07:00: 🧹 Starting VesselWebSocketService cleanup
2025-09-22 02:39:57 +07:00: ❌ Disconnecting from all services...
2025-09-22 02:39:57 +07:00: ✅ VesselWebSocketService cleanup completed
2025-09-22 02:39:57 +07:00: ✅ WebSocket service cleaned up
2025-09-22 02:39:57 +07:00: ✅ MapComponent cleanup completed with zero memory leaks
2025-09-22 02:39:57 +07:00: 🧹 Starting VesselWebSocketService cleanup
2025-09-22 02:39:57 +07:00: ❌ Disconnecting from all services...
2025-09-22 02:39:57 +07:00: ✅ VesselWebSocketService cleanup completed
2025-09-22 02:39:57 +07:00: 🔄 VesselService ngOnDestroy called - Data aging cleanup
2025-09-22 02:39:57 +07:00: 🚀 Starting VesselService cleanup - Memory optimized with data aging...
2025-09-22 02:39:57 +07:00: 🧹 Starting VesselWebSocketService cleanup
2025-09-22 02:39:57 +07:00: ❌ Disconnecting from all services...
2025-09-22 02:39:57 +07:00: ✅ VesselWebSocketService cleanup completed
2025-09-22 02:39:57 +07:00: [1m[31muncaughtException ReferenceError: window is not defined
2025-09-22 02:39:57 +07:00:     at _VesselService.cleanup (D:\Project\aisNestJS\my-leaflet-Telkomsat\src\app\services\vessel-service.ts:970:5)
2025-09-22 02:39:57 +07:00:     at _VesselService.ngOnDestroy (D:\Project\aisNestJS\my-leaflet-Telkomsat\src\app\services\vessel-service.ts:103:10)
2025-09-22 02:39:57 +07:00:     at R3Injector.destroy (D:\Project\aisNestJS\my-leaflet-Telkomsat\.angular\cache\20.2.0\my-leaflet-map\vite\deps_ssr\chunk-N3XVVJ2P.js:1575:17)
2025-09-22 02:39:57 +07:00:     at destroyListener (D:\Project\aisNestJS\my-leaflet-Telkomsat\.angular\cache\20.2.0\my-leaflet-map\vite\deps_ssr\chunk-N3XVVJ2P.js:23534:49)
2025-09-22 02:39:57 +07:00:     at eval (D:\Project\aisNestJS\my-leaflet-Telkomsat\.angular\cache\20.2.0\my-leaflet-map\vite\deps_ssr\chunk-N3XVVJ2P.js:23701:46)
2025-09-22 02:39:57 +07:00:     at Set.forEach (<anonymous>)
2025-09-22 02:39:57 +07:00:     at _PlatformRef.destroy (D:\Project\aisNestJS\my-leaflet-Telkomsat\.angular\cache\20.2.0\my-leaflet-map\vite\deps_ssr\chunk-N3XVVJ2P.js:23701:24)
2025-09-22 02:39:57 +07:00:     at Timeout.eval (D:\Project\aisNestJS\my-leaflet-Telkomsat\.angular\cache\20.2.0\my-leaflet-map\vite\deps_ssr\chunk-GRQ5DHXS.js:27991:21)
2025-09-22 02:39:57 +07:00:     at listOnTimeout (node:internal/timers:594:17)
2025-09-22 02:39:57 +07:00:     at process.processTimers (node:internal/timers:529:7)[39m[22m
2025-09-22 02:39:57 +07:00: [1m[31m❌ Backend connection test failed: TypeError: fetch failed
2025-09-22 02:39:57 +07:00:     at node:internal/deps/undici/undici:13484:13
2025-09-22 02:39:57 +07:00:     at process.processTicksAndRejections (node:internal/process/task_queues:105:5)
2025-09-22 02:39:57 +07:00:     at async Object.testConnection (D:\Project\aisNestJS\my-leaflet-Telkomsat\.angular\vite-root\my-leaflet-map\src\environments\environment.development.ts:144:21) {
2025-09-22 02:39:57 +07:00:   [cause]: Error: connect ECONNREFUSED ::1:3770
2025-09-22 02:39:57 +07:00:       at TCPConnectWrap.afterConnect [as oncomplete] (node:net:1615:16) {
2025-09-22 02:39:57 +07:00:     errno: -4078,
2025-09-22 02:39:57 +07:00:     code: 'ECONNREFUSED',
2025-09-22 02:39:57 +07:00:     syscall: 'connect',
2025-09-22 02:39:57 +07:00:     address: '::1',
2025-09-22 02:39:57 +07:00:     port: 3770
2025-09-22 02:39:57 +07:00:   }
2025-09-22 02:39:57 +07:00: }[39m[22m
2025-09-22 02:39:57 +07:00: [1m[33m⚠️ Backend at localhost:3770 is not reachable. Make sure backend server is running.[39m[22m
2025-09-22 02:39:57 +07:00: 🔄 Loading state: LOADING {
2025-09-22 02:39:57 +07:00:   isLoading: true,
2025-09-22 02:39:57 +07:00:   message: 'Connecting to vessel backend...',
2025-09-22 02:39:57 +07:00:   progress: 20,
2025-09-22 02:39:57 +07:00:   hasData: false,
2025-09-22 02:39:57 +07:00:   lastUpdate: null,
2025-09-22 02:39:57 +07:00:   error: null
2025-09-22 02:39:57 +07:00: }
2025-09-22 02:39:57 +07:00: [1m[33m⚠️ Endpoint /ais-data/stats failed: fetch failed[39m[22m
2025-09-22 02:39:57 +07:00: 🏥 Testing endpoint: https://localhost:3770/api/telkomsat/health
2025-09-22 02:39:57 +07:00: [1m[33m⚠️ Endpoint /telkomsat/health failed: fetch failed[39m[22m
2025-09-22 02:39:57 +07:00: [1m[31m❌ All backend endpoints failed[39m[22m
2025-09-22 02:39:57 +07:00: [1m[33m⚠️ Backend not available, starting REST API fallback[39m[22m
2025-09-22 02:39:58 +07:00: 🔄 Loading state: LOADING {
2025-09-22 02:39:58 +07:00:   isLoading: true,
2025-09-22 02:39:58 +07:00:   message: 'Establishing WebSocket connection...',
2025-09-22 02:39:58 +07:00:   progress: 40,
2025-09-22 02:39:58 +07:00:   hasData: false,
2025-09-22 02:39:58 +07:00:   lastUpdate: null,
2025-09-22 02:39:58 +07:00:   error: null
2025-09-22 02:39:58 +07:00: }
2025-09-22 02:39:58 +07:00: 🔄 Loading state: LOADING {
2025-09-22 02:39:58 +07:00:   isLoading: true,
2025-09-22 02:39:58 +07:00:   message: 'Loading vessel data...',
2025-09-22 02:39:58 +07:00:   progress: 60,
2025-09-22 02:39:58 +07:00:   hasData: false,
2025-09-22 02:39:58 +07:00:   lastUpdate: null,
2025-09-22 02:39:58 +07:00:   error: null
2025-09-22 02:39:58 +07:00: }
2025-09-22 02:39:59 +07:00: 🔄 Loading state: LOADING {
2025-09-22 02:39:59 +07:00:   isLoading: true,
2025-09-22 02:39:59 +07:00:   message: 'Initializing memory-optimized clustering...',
2025-09-22 02:39:59 +07:00:   progress: 80,
2025-09-22 02:39:59 +07:00:   hasData: false,
2025-09-22 02:39:59 +07:00:   lastUpdate: null,
2025-09-22 02:39:59 +07:00:   error: null
2025-09-22 02:39:59 +07:00: }
2025-09-22 02:39:59 +07:00: 🔄 Loading state: LOADING {
2025-09-22 02:39:59 +07:00:   isLoading: true,
2025-09-22 02:39:59 +07:00:   message: 'Ready for real-time updates with data aging...',
2025-09-22 02:39:59 +07:00:   progress: 95,
2025-09-22 02:39:59 +07:00:   hasData: false,
2025-09-22 02:39:59 +07:00:   lastUpdate: null,
2025-09-22 02:39:59 +07:00:   error: null
2025-09-22 02:39:59 +07:00: }
2025-09-22 02:41:51 +07:00: [33m❯[39m Changes detected. Rebuilding...
2025-09-22 02:41:53 +07:00: [32m✔[39m Changes detected. Rebuilding...
2025-09-22 02:41:53 +07:00: Application bundle generation failed. [2.474 seconds]
2025-09-22 02:41:53 +07:00: 
2025-09-22 02:41:53 +07:00: [1m[33m[33m▲ [43;33m[[43;30mWARNING[43;33m][0m [1mNG8113: VesselLoadingComponent is not used within the template of MapComponent[0m [1m[35m[plugin angular-compiler][0m
2025-09-22 02:41:53 +07:00: 
2025-09-22 02:41:53 +07:00:     src/app/map/map.ts:69:4:
2025-09-22 02:41:53 +07:00: [37m      69 │     [32mVesselLoadingComponent[37m,
2025-09-22 02:41:53 +07:00:          ╵     [32m~~~~~~~~~~~~~~~~~~~~~~[0m
2025-09-22 02:41:53 +07:00: 
2025-09-22 02:41:53 +07:00: [39m[22m
2025-09-22 02:41:54 +07:00: [1m[31m[31mX [41;31m[[41;97mERROR[41;31m][0m [1mTS2323: Cannot redeclare exported variable 'developmentUtils'.[0m [1m[35m[plugin angular-compiler][0m
2025-09-22 02:41:54 +07:00: 
2025-09-22 02:41:54 +07:00:     src/environments/environment.development.ts:193:13:
2025-09-22 02:41:54 +07:00: [37m      193 │ export const [32mdevelopmentUtils[37m = {
2025-09-22 02:41:54 +07:00:           ╵              [32m~~~~~~~~~~~~~~~~[0m
2025-09-22 02:41:54 +07:00: 
2025-09-22 02:41:54 +07:00: 
2025-09-22 02:41:54 +07:00: [31mX [41;31m[[41;97mERROR[41;31m][0m [1mTS2323: Cannot redeclare exported variable 'developmentUtils'.[0m [1m[35m[plugin angular-compiler][0m
2025-09-22 02:41:54 +07:00: 
2025-09-22 02:41:54 +07:00:     src/environments/environment.development.ts:338:9:
2025-09-22 02:41:54 +07:00: [37m      338 │ export { [32mdevelopmentUtils[37m, getLocalIPAddress, detectBrowserLocalI...
2025-09-22 02:41:54 +07:00:           ╵          [32m~~~~~~~~~~~~~~~~[0m
2025-09-22 02:41:54 +07:00: 
2025-09-22 02:41:54 +07:00: 
2025-09-22 02:41:54 +07:00: [31mX [41;31m[[41;97mERROR[41;31m][0m [1mTS2484: Export declaration conflicts with exported declaration of 'developmentUtils'.[0m [1m[35m[plugin angular-compiler][0m
2025-09-22 02:41:54 +07:00: 
2025-09-22 02:41:54 +07:00:     src/environments/environment.development.ts:338:9:
2025-09-22 02:41:54 +07:00: [37m      338 │ export { [32mdevelopmentUtils[37m, getLocalIPAddress, detectBrowserLocalI...
2025-09-22 02:41:54 +07:00:           ╵          [32m~~~~~~~~~~~~~~~~[0m
2025-09-22 02:41:54 +07:00: 
2025-09-22 02:41:54 +07:00: [39m[22m
2025-09-22 02:43:27 +07:00: [33m❯[39m Changes detected. Rebuilding...
2025-09-22 02:43:28 +07:00: [32m✔[39m Changes detected. Rebuilding...
2025-09-22 02:43:28 +07:00: Application bundle generation failed. [1.030 seconds]
2025-09-22 02:43:28 +07:00: 
2025-09-22 02:43:28 +07:00: [1m[33m[33m▲ [43;33m[[43;30mWARNING[43;33m][0m [1mNG8113: VesselLoadingComponent is not used within the template of MapComponent[0m [1m[35m[plugin angular-compiler][0m
2025-09-22 02:43:28 +07:00: 
2025-09-22 02:43:28 +07:00:     src/app/map/map.ts:69:4:
2025-09-22 02:43:28 +07:00: [37m      69 │     [32mVesselLoadingComponent[37m,
2025-09-22 02:43:28 +07:00:          ╵     [32m~~~~~~~~~~~~~~~~~~~~~~[0m
2025-09-22 02:43:28 +07:00: 
2025-09-22 02:43:28 +07:00: [39m[22m
2025-09-22 02:43:28 +07:00: [1m[31m[31mX [41;31m[[41;97mERROR[41;31m][0m [1mTS7005: Variable 'htt' implicitly has an 'any' type.[0m [1m[35m[plugin angular-compiler][0m
2025-09-22 02:43:28 +07:00: 
2025-09-22 02:43:28 +07:00:     src/environments/environment.development.ts:255:14:
2025-09-22 02:43:28 +07:00: [37m      255 │         const [32mhtt[37m
2025-09-22 02:43:28 +07:00:           ╵               [32m~~~[0m
2025-09-22 02:43:28 +07:00: 
2025-09-22 02:43:28 +07:00: 
2025-09-22 02:43:28 +07:00: [31mX [41;31m[[41;97mERROR[41;31m][0m [1mTS1005: '}' expected.[0m [1m[35m[plugin angular-compiler][0m
2025-09-22 02:43:28 +07:00: 
2025-09-22 02:43:28 +07:00:     src/environments/environment.development.ts:256:0:
2025-09-22 02:43:28 +07:00: [37m      256 │ [32m[37m
2025-09-22 02:43:28 +07:00:           ╵ [32m^[0m
2025-09-22 02:43:28 +07:00: 
2025-09-22 02:43:28 +07:00:   The parser expected to find a '}' to match the '{' token here.
2025-09-22 02:43:28 +07:00: 
2025-09-22 02:43:28 +07:00:     src/environments/environment.development.ts:254:29:
2025-09-22 02:43:28 +07:00: [37m      254 │       localIPs.forEach(ip => [32m{[37m
2025-09-22 02:43:28 +07:00:           ╵                              [32m^[0m
2025-09-22 02:43:28 +07:00: 
2025-09-22 02:43:28 +07:00: 
2025-09-22 02:43:28 +07:00: [31mX [41;31m[[41;97mERROR[41;31m][0m [1mThe constant "htt" must be initialized[0m
2025-09-22 02:43:28 +07:00: 
2025-09-22 02:43:28 +07:00:     src/environments/environment.ts:222:22:
2025-09-22 02:43:28 +07:00: [37m      222 │                 const [32mhtt[37m;
2025-09-22 02:43:28 +07:00:           ╵                       [32m~~~[0m
2025-09-22 02:43:28 +07:00: 
2025-09-22 02:43:28 +07:00: 
2025-09-22 02:43:28 +07:00: [31mX [41;31m[[41;97mERROR[41;31m][0m [1mThe constant "htt" must be initialized[0m
2025-09-22 02:43:28 +07:00: 
2025-09-22 02:43:28 +07:00:     src/environments/environment.ts:222:22:
2025-09-22 02:43:28 +07:00: [37m      222 │                 const [32mhtt[37m;
2025-09-22 02:43:28 +07:00:           ╵                       [32m~~~[0m
2025-09-22 02:43:28 +07:00: 
2025-09-22 02:43:28 +07:00: [39m[22m
2025-09-22 02:43:36 +07:00: [33m❯[39m Changes detected. Rebuilding...
2025-09-22 02:43:37 +07:00: [32m✔[39m Changes detected. Rebuilding...
2025-09-22 02:43:37 +07:00: Application bundle generation failed. [0.952 seconds]
2025-09-22 02:43:37 +07:00: 
2025-09-22 02:43:37 +07:00: [1m[33m[33m▲ [43;33m[[43;30mWARNING[43;33m][0m [1mNG8113: VesselLoadingComponent is not used within the template of MapComponent[0m [1m[35m[plugin angular-compiler][0m
2025-09-22 02:43:37 +07:00: 
2025-09-22 02:43:37 +07:00:     src/app/map/map.ts:69:4:
2025-09-22 02:43:37 +07:00: [37m      69 │     [32mVesselLoadingComponent[37m,
2025-09-22 02:43:37 +07:00:          ╵     [32m~~~~~~~~~~~~~~~~~~~~~~[0m
2025-09-22 02:43:37 +07:00: 
2025-09-22 02:43:37 +07:00: [39m[22m
2025-09-22 02:43:37 +07:00: [1m[31m[31mX [41;31m[[41;97mERROR[41;31m][0m [1mTS1005: '}' expected.[0m [1m[35m[plugin angular-compiler][0m
2025-09-22 02:43:37 +07:00: 
2025-09-22 02:43:37 +07:00:     src/environments/environment.development.ts:320:0:
2025-09-22 02:43:37 +07:00: [37m      320 │ [32m[37m
2025-09-22 02:43:37 +07:00:           ╵ [32m^[0m
2025-09-22 02:43:37 +07:00: 
2025-09-22 02:43:37 +07:00:   The parser expected to find a '}' to match the '{' token here.
2025-09-22 02:43:37 +07:00: 
2025-09-22 02:43:37 +07:00:     src/environments/environment.development.ts:319:13:
2025-09-22 02:43:37 +07:00: [37m      319 │       } else [32m{[37m
2025-09-22 02:43:37 +07:00:           ╵              [32m^[0m
2025-09-22 02:43:37 +07:00: 
2025-09-22 02:43:37 +07:00: [39m[22m
2025-09-22 02:43:39 +07:00: [33m❯[39m Changes detected. Rebuilding...
2025-09-22 02:43:40 +07:00: [32m✔[39m Changes detected. Rebuilding...
2025-09-22 02:43:40 +07:00: Application bundle generation failed. [0.394 seconds]
2025-09-22 02:43:40 +07:00: 
2025-09-22 02:43:40 +07:00: [1m[33m[33m▲ [43;33m[[43;30mWARNING[43;33m][0m [1mNG8113: VesselLoadingComponent is not used within the template of MapComponent[0m [1m[35m[plugin angular-compiler][0m
2025-09-22 02:43:40 +07:00: 
2025-09-22 02:43:40 +07:00:     src/app/map/map.ts:69:4:
2025-09-22 02:43:40 +07:00: [37m      69 │     [32mVesselLoadingComponent[37m,
2025-09-22 02:43:40 +07:00:          ╵     [32m~~~~~~~~~~~~~~~~~~~~~~[0m
2025-09-22 02:43:40 +07:00: 
2025-09-22 02:43:40 +07:00: [39m[22m
2025-09-22 02:43:40 +07:00: [1m[31m[31mX [41;31m[[41;97mERROR[41;31m][0m [1mTS1005: '}' expected.[0m [1m[35m[plugin angular-compiler][0m
2025-09-22 02:43:40 +07:00: 
2025-09-22 02:43:40 +07:00:     src/environments/environment.development.ts:322:7:
2025-09-22 02:43:40 +07:00: [37m      322 │       }[32m[37m
2025-09-22 02:43:40 +07:00:           ╵        [32m^[0m
2025-09-22 02:43:40 +07:00: 
2025-09-22 02:43:40 +07:00:   The parser expected to find a '}' to match the '{' token here.
2025-09-22 02:43:40 +07:00: 
2025-09-22 02:43:40 +07:00:     src/environments/environment.development.ts:314:54:
2025-09-22 02:43:40 +07:00: [37m      314 │     developmentUtils.testConnection().then(success => [32m{[37m
2025-09-22 02:43:40 +07:00:           ╵                                                       [32m^[0m
2025-09-22 02:43:40 +07:00: 
2025-09-22 02:43:40 +07:00: [39m[22m
2025-09-22 02:43:41 +07:00: [33m❯[39m Changes detected. Rebuilding...
2025-09-22 02:43:41 +07:00: [32m✔[39m Changes detected. Rebuilding...
2025-09-22 02:43:41 +07:00: Application bundle generation failed. [0.366 seconds]
2025-09-22 02:43:41 +07:00: 
2025-09-22 02:43:41 +07:00: [1m[33m[33m▲ [43;33m[[43;30mWARNING[43;33m][0m [1mNG8113: VesselLoadingComponent is not used within the template of MapComponent[0m [1m[35m[plugin angular-compiler][0m
2025-09-22 02:43:41 +07:00: 
2025-09-22 02:43:41 +07:00:     src/app/map/map.ts:69:4:
2025-09-22 02:43:41 +07:00: [37m      69 │     [32mVesselLoadingComponent[37m,
2025-09-22 02:43:41 +07:00:          ╵     [32m~~~~~~~~~~~~~~~~~~~~~~[0m
2025-09-22 02:43:41 +07:00: 
2025-09-22 02:43:41 +07:00: [39m[22m
2025-09-22 02:43:41 +07:00: [1m[31m[31mX [41;31m[[41;97mERROR[41;31m][0m [1mTS1005: '}' expected.[0m [1m[35m[plugin angular-compiler][0m
2025-09-22 02:43:41 +07:00: 
2025-09-22 02:43:41 +07:00:     src/environments/environment.development.ts:323:7:
2025-09-22 02:43:41 +07:00: [37m      323 │     });[32m[37m
2025-09-22 02:43:41 +07:00:           ╵        [32m^[0m
2025-09-22 02:43:41 +07:00: 
2025-09-22 02:43:41 +07:00:   The parser expected to find a '}' to match the '{' token here.
2025-09-22 02:43:41 +07:00: 
2025-09-22 02:43:41 +07:00:     src/environments/environment.development.ts:313:19:
2025-09-22 02:43:41 +07:00: [37m      313 │   setTimeout(() => [32m{[37m
2025-09-22 02:43:41 +07:00:           ╵                    [32m^[0m
2025-09-22 02:43:41 +07:00: 
2025-09-22 02:43:41 +07:00: [39m[22m
2025-09-22 02:43:43 +07:00: [33m❯[39m Changes detected. Rebuilding...
2025-09-22 02:43:43 +07:00: [32m✔[39m Changes detected. Rebuilding...
2025-09-22 02:43:43 +07:00: [35mBrowser bundles[39m      
2025-09-22 02:43:43 +07:00: [1mInitial chunk files[22m  [2m | [22m[1mNames[22m           [2m | [22m [1mRaw size[22m
2025-09-22 02:43:43 +07:00: [32mstyles.css[39m           [2m | [22m[2mstyles[22m          [2m | [22m[36m125.29 kB[39m[2m | [22m
2025-09-22 02:43:43 +07:00: [32mmain.js[39m              [2m | [22m[2mmain[22m            [2m | [22m  [36m3.32 kB[39m[2m | [22m
2025-09-22 02:43:43 +07:00: [32mchunk-CZJLB7T5.js[39m    [2m | [22m[2m-[22m               [2m | [22m  [36m1.08 kB[39m[2m | [22m
2025-09-22 02:43:43 +07:00: 
2025-09-22 02:43:43 +07:00: [1m [22m                    [2m | [22m[1mInitial total[22m   [2m | [22m[1m129.69 kB[22m
2025-09-22 02:43:43 +07:00: 
2025-09-22 02:43:43 +07:00: [1mLazy chunk files[22m     [2m | [22m[1mNames[22m           [2m | [22m [1mRaw size[22m
2025-09-22 02:43:43 +07:00: [32mmap-MN6V2BNO.js[39m      [2m | [22m[2mmap[22m             [2m | [22m[36m280.73 kB[39m[2m | [22m
2025-09-22 02:43:43 +07:00: [32mpoi-area-RTNERGDH.js[39m [2m | [22m[2mpoi-area[22m        [2m | [22m[36m164.88 kB[39m[2m | [22m
2025-09-22 02:43:43 +07:00: [32mchunk-EHZUEQO7.js[39m    [2m | [22m[2m-[22m               [2m | [22m  [36m8.10 kB[39m[2m | [22m
2025-09-22 02:43:43 +07:00: 
2025-09-22 02:43:43 +07:00: 
2025-09-22 02:43:43 +07:00: [35mServer bundles[39m       
2025-09-22 02:43:43 +07:00: [1mInitial chunk files[22m  [2m | [22m[1mNames[22m           [2m | [22m [1mRaw size[22m
2025-09-22 02:43:43 +07:00: [32mmain.server.mjs[39m      [2m | [22m[2mmain.server[22m     [2m | [22m  [36m4.57 kB[39m[2m | [22m
2025-09-22 02:43:43 +07:00: [32mserver.mjs[39m           [2m | [22m[2mserver[22m          [2m | [22m  [36m1.79 kB[39m[2m | [22m
2025-09-22 02:43:43 +07:00: [32mchunk-XZXRA2IB.mjs[39m   [2m | [22m[2m-[22m               [2m | [22m  [36m1.11 kB[39m[2m | [22m
2025-09-22 02:43:43 +07:00: [32mpolyfills.server.mjs[39m [2m | [22m[2mpolyfills.server[22m[2m | [22m[36m243 bytes[39m[2m | [22m
2025-09-22 02:43:43 +07:00: 
2025-09-22 02:43:43 +07:00: [1mLazy chunk files[22m     [2m | [22m[1mNames[22m           [2m | [22m [1mRaw size[22m
2025-09-22 02:43:43 +07:00: [32mmap-ZHTGB4I2.mjs[39m     [2m | [22m[2mmap[22m             [2m | [22m[36m280.77 kB[39m[2m | [22m
2025-09-22 02:43:43 +07:00: [32mpoi-area-DJPTNH7Y.mjs[39m[2m | [22m[2mpoi-area[22m        [2m | [22m[36m164.92 kB[39m[2m | [22m
2025-09-22 02:43:43 +07:00: [32mchunk-VLASXYKE.mjs[39m   [2m | [22m[2m-[22m               [2m | [22m  [36m8.13 kB[39m[2m | [22m
2025-09-22 02:43:43 +07:00: 
2025-09-22 02:43:43 +07:00: Application bundle generation complete. [0.382 seconds]
2025-09-22 02:43:43 +07:00: 
2025-09-22 02:43:43 +07:00: [1m[33m[33m▲ [43;33m[[43;30mWARNING[43;33m][0m [1mNG8113: VesselLoadingComponent is not used within the template of MapComponent[0m [1m[35m[plugin angular-compiler][0m
2025-09-22 02:43:43 +07:00: 
2025-09-22 02:43:43 +07:00:     src/app/map/map.ts:69:4:
2025-09-22 02:43:43 +07:00: [37m      69 │     [32mVesselLoadingComponent[37m,
2025-09-22 02:43:43 +07:00:          ╵     [32m~~~~~~~~~~~~~~~~~~~~~~[0m
2025-09-22 02:43:43 +07:00: 
2025-09-22 02:43:43 +07:00: [39m[22m
2025-09-22 02:43:43 +07:00: Page reload sent to client(s).
2025-09-22 02:43:44 +07:00: 🛠️ Development URLs auto-created: {
2025-09-22 02:43:44 +07:00:   detectedHost: 'localhost',
2025-09-22 02:43:44 +07:00:   urls: {
2025-09-22 02:43:44 +07:00:     apiUrl: 'https://localhost:3770',
2025-09-22 02:43:44 +07:00:     websocketUrl: 'https://localhost:3770'
2025-09-22 02:43:44 +07:00:   },
2025-09-22 02:43:44 +07:00:   method: 'fallback'
2025-09-22 02:43:44 +07:00: }
2025-09-22 02:43:44 +07:00: 🛰️ VesselWebSocketService initialized
2025-09-22 02:43:44 +07:00: 📡 Backend API URL: https://localhost:3770/api
2025-09-22 02:43:44 +07:00: 🔌 WebSocket URL: https://localhost:3770/vessel-tracking
2025-09-22 02:43:44 +07:00: 🛰️ VesselService constructor - Memory optimized with data aging
2025-09-22 02:43:44 +07:00: 🧠 Memory monitoring system started with data aging
2025-09-22 02:43:44 +07:00: ✅ MapService data initialized with simple zoom control
2025-09-22 02:43:44 +07:00: 🚀 MapComponent constructor started with optimized architecture
2025-09-22 02:43:44 +07:00: 🚀 MapComponent ngOnInit started with memory optimization
2025-09-22 02:43:44 +07:00: 🗺️ Map initialized successfully
2025-09-22 02:43:44 +07:00: 📡 Setting up optimized subscriptions with single destroy subject
2025-09-22 02:43:44 +07:00: 🏛️ VTS data updated: 0 stations
2025-09-22 02:43:44 +07:00: ⚓ AtoN data updated: 0 stations
2025-09-22 02:43:44 +07:00: 📡 Starting WebSocket connection for real-time vessel data
2025-09-22 02:43:44 +07:00: 🔌 ===== WEBSOCKET CONNECTION ATTEMPT =====
2025-09-22 02:43:44 +07:00: 🔌 Current socket status: undefined
2025-09-22 02:43:44 +07:00: 🏥 Testing backend connection with multiple endpoints...
2025-09-22 02:43:44 +07:00: 🏥 Testing endpoint: https://localhost:3770/api/ais-data/current
2025-09-22 02:43:44 +07:00: [1m[31m❌ Error in ngOnInit: ReferenceError: window is not defined
2025-09-22 02:43:44 +07:00:     at _MapComponent.safeSetTimeout (D:\Project\aisNestJS\my-leaflet-Telkomsat\src\app\map\map.ts:173:23)
2025-09-22 02:43:44 +07:00:     at _MapComponent.initializeMapData (D:\Project\aisNestJS\my-leaflet-Telkomsat\src\app\map\map.ts:463:10)
2025-09-22 02:43:44 +07:00:     at _MapComponent.ngOnInit (D:\Project\aisNestJS\my-leaflet-Telkomsat\src\app\map\map.ts:199:12)
2025-09-22 02:43:44 +07:00:     at process.processTicksAndRejections (node:internal/process/task_queues:105:5)[39m[22m
2025-09-22 02:43:44 +07:00: [1m[33m⚠️ Endpoint /ais-data/current failed: fetch failed[39m[22m
2025-09-22 02:43:44 +07:00: 🏥 Testing endpoint: https://localhost:3770/api/ais-data/stats
2025-09-22 02:43:44 +07:00: 🧹 MapComponent cleanup started with memory optimization
2025-09-22 02:43:44 +07:00: ✅ All timeouts cleared
2025-09-22 02:43:44 +07:00: ✅ All intervals cleared
2025-09-22 02:43:44 +07:00: ✅ UI state subject completed
2025-09-22 02:43:44 +07:00: ✅ All subscriptions unsubscribed via destroy subject
2025-09-22 02:43:44 +07:00: 🧹 Starting VesselWebSocketService cleanup
2025-09-22 02:43:44 +07:00: ❌ Disconnecting from all services...
2025-09-22 02:43:44 +07:00: ✅ VesselWebSocketService cleanup completed
2025-09-22 02:43:44 +07:00: ✅ WebSocket service cleaned up
2025-09-22 02:43:44 +07:00: ✅ MapComponent cleanup completed with zero memory leaks
2025-09-22 02:43:44 +07:00: 🧹 Starting VesselWebSocketService cleanup
2025-09-22 02:43:44 +07:00: ❌ Disconnecting from all services...
2025-09-22 02:43:44 +07:00: ✅ VesselWebSocketService cleanup completed
2025-09-22 02:43:44 +07:00: 🔄 VesselService ngOnDestroy called - Data aging cleanup
2025-09-22 02:43:44 +07:00: 🚀 Starting VesselService cleanup - Memory optimized with data aging...
2025-09-22 02:43:44 +07:00: 🧹 Starting VesselWebSocketService cleanup
2025-09-22 02:43:44 +07:00: ❌ Disconnecting from all services...
2025-09-22 02:43:44 +07:00: ✅ VesselWebSocketService cleanup completed
2025-09-22 02:43:44 +07:00: [1m[31muncaughtException ReferenceError: window is not defined
2025-09-22 02:43:44 +07:00:     at _VesselService.cleanup (D:\Project\aisNestJS\my-leaflet-Telkomsat\src\app\services\vessel-service.ts:970:5)
2025-09-22 02:43:44 +07:00:     at _VesselService.ngOnDestroy (D:\Project\aisNestJS\my-leaflet-Telkomsat\src\app\services\vessel-service.ts:103:10)
2025-09-22 02:43:44 +07:00:     at R3Injector.destroy (D:\Project\aisNestJS\my-leaflet-Telkomsat\.angular\cache\20.2.0\my-leaflet-map\vite\deps_ssr\chunk-N3XVVJ2P.js:1575:17)
2025-09-22 02:43:44 +07:00:     at destroyListener (D:\Project\aisNestJS\my-leaflet-Telkomsat\.angular\cache\20.2.0\my-leaflet-map\vite\deps_ssr\chunk-N3XVVJ2P.js:23534:49)
2025-09-22 02:43:44 +07:00:     at eval (D:\Project\aisNestJS\my-leaflet-Telkomsat\.angular\cache\20.2.0\my-leaflet-map\vite\deps_ssr\chunk-N3XVVJ2P.js:23701:46)
2025-09-22 02:43:44 +07:00:     at Set.forEach (<anonymous>)
2025-09-22 02:43:44 +07:00:     at _PlatformRef.destroy (D:\Project\aisNestJS\my-leaflet-Telkomsat\.angular\cache\20.2.0\my-leaflet-map\vite\deps_ssr\chunk-N3XVVJ2P.js:23701:24)
2025-09-22 02:43:44 +07:00:     at Timeout.eval (D:\Project\aisNestJS\my-leaflet-Telkomsat\.angular\cache\20.2.0\my-leaflet-map\vite\deps_ssr\chunk-GRQ5DHXS.js:27991:21)
2025-09-22 02:43:44 +07:00:     at listOnTimeout (node:internal/timers:594:17)
2025-09-22 02:43:44 +07:00:     at process.processTimers (node:internal/timers:529:7)[39m[22m
2025-09-22 02:43:44 +07:00: [1m[33m⚠️ Endpoint /ais-data/stats failed: fetch failed[39m[22m
2025-09-22 02:43:44 +07:00: 🏥 Testing endpoint: https://localhost:3770/api/telkomsat/health
2025-09-22 02:43:44 +07:00: [1m[33m⚠️ Endpoint /telkomsat/health failed: fetch failed[39m[22m
2025-09-22 02:43:44 +07:00: [1m[31m❌ All backend endpoints failed[39m[22m
2025-09-22 02:43:44 +07:00: [1m[33m⚠️ Backend not available, starting REST API fallback[39m[22m
2025-09-22 02:43:45 +07:00: 🔄 Loading state: LOADING {
2025-09-22 02:43:45 +07:00:   isLoading: true,
2025-09-22 02:43:45 +07:00:   message: 'Connecting to vessel backend...',
2025-09-22 02:43:45 +07:00:   progress: 20,
2025-09-22 02:43:45 +07:00:   hasData: false,
2025-09-22 02:43:45 +07:00:   lastUpdate: null,
2025-09-22 02:43:45 +07:00:   error: null
2025-09-22 02:43:45 +07:00: }
2025-09-22 02:43:45 +07:00: 🔄 Loading state: LOADING {
2025-09-22 02:43:45 +07:00:   isLoading: true,
2025-09-22 02:43:45 +07:00:   message: 'Establishing WebSocket connection...',
2025-09-22 02:43:45 +07:00:   progress: 40,
2025-09-22 02:43:45 +07:00:   hasData: false,
2025-09-22 02:43:45 +07:00:   lastUpdate: null,
2025-09-22 02:43:45 +07:00:   error: null
2025-09-22 02:43:45 +07:00: }
2025-09-22 02:43:46 +07:00: 🔄 Loading state: LOADING {
2025-09-22 02:43:46 +07:00:   isLoading: true,
2025-09-22 02:43:46 +07:00:   message: 'Loading vessel data...',
2025-09-22 02:43:46 +07:00:   progress: 60,
2025-09-22 02:43:46 +07:00:   hasData: false,
2025-09-22 02:43:46 +07:00:   lastUpdate: null,
2025-09-22 02:43:46 +07:00:   error: null
2025-09-22 02:43:46 +07:00: }
2025-09-22 02:43:46 +07:00: 🔄 Loading state: LOADING {
2025-09-22 02:43:46 +07:00:   isLoading: true,
2025-09-22 02:43:46 +07:00:   message: 'Initializing memory-optimized clustering...',
2025-09-22 02:43:46 +07:00:   progress: 80,
2025-09-22 02:43:46 +07:00:   hasData: false,
2025-09-22 02:43:46 +07:00:   lastUpdate: null,
2025-09-22 02:43:46 +07:00:   error: null
2025-09-22 02:43:46 +07:00: }
2025-09-22 02:43:47 +07:00: 🔄 Loading state: LOADING {
2025-09-22 02:43:47 +07:00:   isLoading: true,
2025-09-22 02:43:47 +07:00:   message: 'Ready for real-time updates with data aging...',
2025-09-22 02:43:47 +07:00:   progress: 95,
2025-09-22 02:43:47 +07:00:   hasData: false,
2025-09-22 02:43:47 +07:00:   lastUpdate: null,
2025-09-22 02:43:47 +07:00:   error: null
2025-09-22 02:43:47 +07:00: }
2025-09-22 02:44:17 +07:00: 
2025-09-22 02:44:17 +07:00: > my-leaflet-map@0.0.0 start
2025-09-22 02:44:17 +07:00: > ng serve --ssl --ssl-key "C:\Users\user\key.pem" --ssl-cert "C:\Users\user\cert.pem" --host 0.0.0.0 --port 4200
2025-09-22 02:44:17 +07:00: 
2025-09-22 02:44:19 +07:00: [1m[33m
2025-09-22 02:44:19 +07:00: Warning: This is a simple server for use in testing or debugging Angular applications
2025-09-22 02:44:19 +07:00: locally. It hasn't been reviewed for security issues.
2025-09-22 02:44:19 +07:00: 
2025-09-22 02:44:19 +07:00: Binding this server to an open connection can result in compromising your application or
2025-09-22 02:44:19 +07:00: computer. Using a different host than the one passed to the "--host" flag might result in
2025-09-22 02:44:19 +07:00: websocket connection issues.
2025-09-22 02:44:19 +07:00:     [39m[22m
2025-09-22 02:44:20 +07:00: [33m❯[39m Building...
2025-09-22 02:44:30 +07:00: [32m✔[39m Building...
2025-09-22 02:44:30 +07:00: [35mBrowser bundles[39m      
2025-09-22 02:44:30 +07:00: [1mInitial chunk files[22m  [2m | [22m[1mNames[22m           [2m | [22m [1mRaw size[22m
2025-09-22 02:44:30 +07:00: [32mstyles.css[39m           [2m | [22m[2mstyles[22m          [2m | [22m[36m125.29 kB[39m[2m | [22m
2025-09-22 02:44:30 +07:00: [32mmain.js[39m              [2m | [22m[2mmain[22m            [2m | [22m  [36m3.32 kB[39m[2m | [22m
2025-09-22 02:44:30 +07:00: [32mchunk-CZJLB7T5.js[39m    [2m | [22m[2m-[22m               [2m | [22m  [36m1.08 kB[39m[2m | [22m
2025-09-22 02:44:30 +07:00: 
2025-09-22 02:44:30 +07:00: [1m [22m                    [2m | [22m[1mInitial total[22m   [2m | [22m[1m129.69 kB[22m
2025-09-22 02:44:30 +07:00: 
2025-09-22 02:44:30 +07:00: [1mLazy chunk files[22m     [2m | [22m[1mNames[22m           [2m | [22m [1mRaw size[22m
2025-09-22 02:44:30 +07:00: [32mmap-MN6V2BNO.js[39m      [2m | [22m[2mmap[22m             [2m | [22m[36m280.73 kB[39m[2m | [22m
2025-09-22 02:44:30 +07:00: [32mpoi-area-RTNERGDH.js[39m [2m | [22m[2mpoi-area[22m        [2m | [22m[36m164.88 kB[39m[2m | [22m
2025-09-22 02:44:30 +07:00: [32mchunk-EHZUEQO7.js[39m    [2m | [22m[2m-[22m               [2m | [22m  [36m8.10 kB[39m[2m | [22m
2025-09-22 02:44:30 +07:00: 
2025-09-22 02:44:30 +07:00: 
2025-09-22 02:44:30 +07:00: [35mServer bundles[39m       
2025-09-22 02:44:30 +07:00: [1mInitial chunk files[22m  [2m | [22m[1mNames[22m           [2m | [22m [1mRaw size[22m
2025-09-22 02:44:30 +07:00: [32mmain.server.mjs[39m      [2m | [22m[2mmain.server[22m     [2m | [22m  [36m4.57 kB[39m[2m | [22m
2025-09-22 02:44:30 +07:00: [32mserver.mjs[39m           [2m | [22m[2mserver[22m          [2m | [22m  [36m1.79 kB[39m[2m | [22m
2025-09-22 02:44:30 +07:00: [32mchunk-XZXRA2IB.mjs[39m   [2m | [22m[2m-[22m               [2m | [22m  [36m1.11 kB[39m[2m | [22m
2025-09-22 02:44:30 +07:00: [32mpolyfills.server.mjs[39m [2m | [22m[2mpolyfills.server[22m[2m | [22m[36m243 bytes[39m[2m | [22m
2025-09-22 02:44:30 +07:00: 
2025-09-22 02:44:30 +07:00: [1mLazy chunk files[22m     [2m | [22m[1mNames[22m           [2m | [22m [1mRaw size[22m
2025-09-22 02:44:30 +07:00: [32mmap-ZHTGB4I2.mjs[39m     [2m | [22m[2mmap[22m             [2m | [22m[36m280.77 kB[39m[2m | [22m
2025-09-22 02:44:30 +07:00: [32mpoi-area-DJPTNH7Y.mjs[39m[2m | [22m[2mpoi-area[22m        [2m | [22m[36m164.92 kB[39m[2m | [22m
2025-09-22 02:44:30 +07:00: [32mchunk-VLASXYKE.mjs[39m   [2m | [22m[2m-[22m               [2m | [22m  [36m8.13 kB[39m[2m | [22m
2025-09-22 02:44:30 +07:00: 
2025-09-22 02:44:30 +07:00: Application bundle generation complete. [10.396 seconds]
2025-09-22 02:44:30 +07:00: 
2025-09-22 02:44:30 +07:00: [1m[33m[33m▲ [43;33m[[43;30mWARNING[43;33m][0m [1mNG8113: VesselLoadingComponent is not used within the template of MapComponent[0m [1m[35m[plugin angular-compiler][0m
2025-09-22 02:44:30 +07:00: 
2025-09-22 02:44:30 +07:00:     src/app/map/map.ts:69:4:
2025-09-22 02:44:30 +07:00: [37m      69 │     [32mVesselLoadingComponent[37m,
2025-09-22 02:44:30 +07:00:          ╵     [32m~~~~~~~~~~~~~~~~~~~~~~[0m
2025-09-22 02:44:30 +07:00: 
2025-09-22 02:44:30 +07:00: [39m[22m
2025-09-22 02:44:30 +07:00: Watch mode enabled. Watching for file changes...
2025-09-22 02:44:30 +07:00: NOTE: Raw file sizes do not reflect development server per-request transformations.
2025-09-22 02:44:31 +07:00:   [32m➜[39m  [1mLocal[22m:   [36mhttps://localhost:[1m4200[22m/[39m
2025-09-22 02:44:31 +07:00:   [32m➜[39m  [1mNetwork[22m: [36mhttps://192.168.1.2:[1m4200[22m/[39m
2025-09-22 02:44:40 +07:00: 🛠️ Development URLs auto-created: {
2025-09-22 02:44:40 +07:00:   detectedHost: 'localhost',
2025-09-22 02:44:40 +07:00:   urls: {
2025-09-22 02:44:40 +07:00:     apiUrl: 'https://localhost:3770',
2025-09-22 02:44:40 +07:00:     websocketUrl: 'https://localhost:3770'
2025-09-22 02:44:40 +07:00:   },
2025-09-22 02:44:40 +07:00:   method: 'fallback'
2025-09-22 02:44:40 +07:00: }
2025-09-22 02:44:42 +07:00: [1m[33mNG02801: Angular detected that `HttpClient` is not configured to use `fetch` APIs. It's strongly recommended to enable `fetch` for applications that use Server-Side Rendering for better performance and compatibility. To enable `fetch`, add the `withFetch()` to the `provideHttpClient()` call at the root of the application.[39m[22m
2025-09-22 02:44:42 +07:00: 🛰️ VesselWebSocketService initialized
2025-09-22 02:44:42 +07:00: 📡 Backend API URL: https://localhost:3770/api
2025-09-22 02:44:42 +07:00: 🔌 WebSocket URL: https://localhost:3770/vessel-tracking
2025-09-22 02:44:42 +07:00: 🛰️ VesselService constructor - Memory optimized with data aging
2025-09-22 02:44:42 +07:00: 🧠 Memory monitoring system started with data aging
2025-09-22 02:44:42 +07:00: ✅ MapService data initialized with simple zoom control
2025-09-22 02:44:42 +07:00: 🚀 MapComponent constructor started with optimized architecture
2025-09-22 02:44:42 +07:00: 🚀 MapComponent ngOnInit started with memory optimization
2025-09-22 02:44:42 +07:00: 🗺️ Map initialized successfully
2025-09-22 02:44:42 +07:00: 📡 Setting up optimized subscriptions with single destroy subject
2025-09-22 02:44:42 +07:00: 🏛️ VTS data updated: 0 stations
2025-09-22 02:44:42 +07:00: ⚓ AtoN data updated: 0 stations
2025-09-22 02:44:42 +07:00: 📡 Starting WebSocket connection for real-time vessel data
2025-09-22 02:44:42 +07:00: 🔌 ===== WEBSOCKET CONNECTION ATTEMPT =====
2025-09-22 02:44:42 +07:00: 🔌 Current socket status: undefined
2025-09-22 02:44:42 +07:00: 🏥 Testing backend connection with multiple endpoints...
2025-09-22 02:44:42 +07:00: 🏥 Testing endpoint: https://localhost:3770/api/ais-data/current
2025-09-22 02:44:42 +07:00: [1m[31m❌ Error in ngOnInit: ReferenceError: window is not defined
2025-09-22 02:44:42 +07:00:     at _MapComponent.safeSetTimeout (D:\Project\aisNestJS\my-leaflet-Telkomsat\src\app\map\map.ts:173:23)
2025-09-22 02:44:42 +07:00:     at _MapComponent.initializeMapData (D:\Project\aisNestJS\my-leaflet-Telkomsat\src\app\map\map.ts:463:10)
2025-09-22 02:44:42 +07:00:     at _MapComponent.ngOnInit (D:\Project\aisNestJS\my-leaflet-Telkomsat\src\app\map\map.ts:199:12)
2025-09-22 02:44:42 +07:00:     at process.processTicksAndRejections (node:internal/process/task_queues:105:5)[39m[22m
2025-09-22 02:44:42 +07:00: [1m[33m⚠️ Endpoint /ais-data/current failed: fetch failed[39m[22m
2025-09-22 02:44:42 +07:00: 🏥 Testing endpoint: https://localhost:3770/api/ais-data/stats
2025-09-22 02:44:42 +07:00: 🧹 MapComponent cleanup started with memory optimization
2025-09-22 02:44:42 +07:00: ✅ All timeouts cleared
2025-09-22 02:44:42 +07:00: ✅ All intervals cleared
2025-09-22 02:44:42 +07:00: ✅ UI state subject completed
2025-09-22 02:44:42 +07:00: ✅ All subscriptions unsubscribed via destroy subject
2025-09-22 02:44:42 +07:00: 🧹 Starting VesselWebSocketService cleanup
2025-09-22 02:44:42 +07:00: ❌ Disconnecting from all services...
2025-09-22 02:44:42 +07:00: ✅ VesselWebSocketService cleanup completed
2025-09-22 02:44:42 +07:00: ✅ WebSocket service cleaned up
2025-09-22 02:44:42 +07:00: ✅ MapComponent cleanup completed with zero memory leaks
2025-09-22 02:44:42 +07:00: 🧹 Starting VesselWebSocketService cleanup
2025-09-22 02:44:42 +07:00: ❌ Disconnecting from all services...
2025-09-22 02:44:42 +07:00: ✅ VesselWebSocketService cleanup completed
2025-09-22 02:44:42 +07:00: 🔄 VesselService ngOnDestroy called - Data aging cleanup
2025-09-22 02:44:42 +07:00: 🚀 Starting VesselService cleanup - Memory optimized with data aging...
2025-09-22 02:44:42 +07:00: 🧹 Starting VesselWebSocketService cleanup
2025-09-22 02:44:42 +07:00: ❌ Disconnecting from all services...
2025-09-22 02:44:42 +07:00: ✅ VesselWebSocketService cleanup completed
2025-09-22 02:44:43 +07:00: [1m[31muncaughtException ReferenceError: window is not defined
2025-09-22 02:44:43 +07:00:     at _VesselService.cleanup (D:\Project\aisNestJS\my-leaflet-Telkomsat\src\app\services\vessel-service.ts:970:5)
2025-09-22 02:44:43 +07:00:     at _VesselService.ngOnDestroy (D:\Project\aisNestJS\my-leaflet-Telkomsat\src\app\services\vessel-service.ts:103:10)
2025-09-22 02:44:43 +07:00:     at R3Injector.destroy (D:\Project\aisNestJS\my-leaflet-Telkomsat\.angular\cache\20.2.0\my-leaflet-map\vite\deps_ssr\chunk-N3XVVJ2P.js:1575:17)
2025-09-22 02:44:43 +07:00:     at destroyListener (D:\Project\aisNestJS\my-leaflet-Telkomsat\.angular\cache\20.2.0\my-leaflet-map\vite\deps_ssr\chunk-N3XVVJ2P.js:23534:49)
2025-09-22 02:44:43 +07:00:     at eval (D:\Project\aisNestJS\my-leaflet-Telkomsat\.angular\cache\20.2.0\my-leaflet-map\vite\deps_ssr\chunk-N3XVVJ2P.js:23701:46)
2025-09-22 02:44:43 +07:00:     at Set.forEach (<anonymous>)
2025-09-22 02:44:43 +07:00:     at _PlatformRef.destroy (D:\Project\aisNestJS\my-leaflet-Telkomsat\.angular\cache\20.2.0\my-leaflet-map\vite\deps_ssr\chunk-N3XVVJ2P.js:23701:24)
2025-09-22 02:44:43 +07:00:     at Timeout.eval (D:\Project\aisNestJS\my-leaflet-Telkomsat\.angular\cache\20.2.0\my-leaflet-map\vite\deps_ssr\chunk-GRQ5DHXS.js:27991:21)
2025-09-22 02:44:43 +07:00:     at listOnTimeout (node:internal/timers:594:17)
2025-09-22 02:44:43 +07:00:     at process.processTimers (node:internal/timers:529:7)[39m[22m
2025-09-22 02:44:43 +07:00: 🔄 Loading state: LOADING {
2025-09-22 02:44:43 +07:00:   isLoading: true,
2025-09-22 02:44:43 +07:00:   message: 'Connecting to vessel backend...',
2025-09-22 02:44:43 +07:00:   progress: 20,
2025-09-22 02:44:43 +07:00:   hasData: false,
2025-09-22 02:44:43 +07:00:   lastUpdate: null,
2025-09-22 02:44:43 +07:00:   error: null
2025-09-22 02:44:43 +07:00: }
2025-09-22 02:44:43 +07:00: [1m[33m⚠️ Endpoint /ais-data/stats failed: fetch failed[39m[22m
2025-09-22 02:44:43 +07:00: 🏥 Testing endpoint: https://localhost:3770/api/telkomsat/health
2025-09-22 02:44:43 +07:00: [1m[33m⚠️ Endpoint /telkomsat/health failed: fetch failed[39m[22m
2025-09-22 02:44:43 +07:00: [1m[31m❌ All backend endpoints failed[39m[22m
2025-09-22 02:44:43 +07:00: [1m[33m⚠️ Backend not available, starting REST API fallback[39m[22m
2025-09-22 02:44:43 +07:00: 🔄 Loading state: LOADING {
2025-09-22 02:44:43 +07:00:   isLoading: true,
2025-09-22 02:44:43 +07:00:   message: 'Establishing WebSocket connection...',
2025-09-22 02:44:43 +07:00:   progress: 40,
2025-09-22 02:44:43 +07:00:   hasData: false,
2025-09-22 02:44:43 +07:00:   lastUpdate: null,
2025-09-22 02:44:43 +07:00:   error: null
2025-09-22 02:44:43 +07:00: }
2025-09-22 02:44:44 +07:00: 🔄 Loading state: LOADING {
2025-09-22 02:44:44 +07:00:   isLoading: true,
2025-09-22 02:44:44 +07:00:   message: 'Loading vessel data...',
2025-09-22 02:44:44 +07:00:   progress: 60,
2025-09-22 02:44:44 +07:00:   hasData: false,
2025-09-22 02:44:44 +07:00:   lastUpdate: null,
2025-09-22 02:44:44 +07:00:   error: null
2025-09-22 02:44:44 +07:00: }
2025-09-22 02:44:44 +07:00: 🔄 Loading state: LOADING {
2025-09-22 02:44:44 +07:00:   isLoading: true,
2025-09-22 02:44:44 +07:00:   message: 'Initializing memory-optimized clustering...',
2025-09-22 02:44:44 +07:00:   progress: 80,
2025-09-22 02:44:44 +07:00:   hasData: false,
2025-09-22 02:44:44 +07:00:   lastUpdate: null,
2025-09-22 02:44:44 +07:00:   error: null
2025-09-22 02:44:44 +07:00: }
2025-09-22 02:44:45 +07:00: 🔄 Loading state: LOADING {
2025-09-22 02:44:45 +07:00:   isLoading: true,
2025-09-22 02:44:45 +07:00:   message: 'Ready for real-time updates with data aging...',
2025-09-22 02:44:45 +07:00:   progress: 95,
2025-09-22 02:44:45 +07:00:   hasData: false,
2025-09-22 02:44:45 +07:00:   lastUpdate: null,
2025-09-22 02:44:45 +07:00:   error: null
2025-09-22 02:44:45 +07:00: }
